Arguments: 
  C:\Program Files\nodejs\node.exe C:\Users\chux\AppData\Roaming\npm\node_modules\yarn\bin\yarn.js add modemon -g

PATH: 
  C:\Program Files\Python37\Scripts\;C:\Program Files\Python37\;C:\WINDOWS\system32;C:\WINDOWS;C:\WINDOWS\System32\Wbem;C:\WINDOWS\System32\WindowsPowerShell\v1.0\;C:\WINDOWS\System32\OpenSSH\;C:\Program Files\Git\cmd;C:\Program Files\Java\jdk-12.0.2\bin;C:\Program Files\Java\jdk-12.0.2\jre\bin;C:\MongoDB\bin;C:\Program Files\nodejs\;C:\Program Files\Python37;;C:\Program Files\Docker\Docker\resources\bin;C:\ProgramData\DockerDesktop\version-bin;C:\Users\chux\AppData\Local\Microsoft\WindowsApps;;C:\Users\chux\AppData\Local\Programs\Microsoft VS Code\bin;C:\Users\chux\AppData\Roaming\npm

Yarn version: 
  1.21.1

Node version: 
  12.16.1

Platform: 
  win32 x64

Trace: 
  Error: https://registry.npm.taobao.org/modemon: Not found
      at Request.params.callback [as _callback] (C:\Users\chux\AppData\Roaming\npm\node_modules\yarn\lib\cli.js:66947:18)
      at Request.self.callback (C:\Users\chux\AppData\Roaming\npm\node_modules\yarn\lib\cli.js:140665:22)
      at Request.emit (events.js:311:20)
      at Request.<anonymous> (C:\Users\chux\AppData\Roaming\npm\node_modules\yarn\lib\cli.js:141637:10)
      at Request.emit (events.js:311:20)
      at IncomingMessage.<anonymous> (C:\Users\chux\AppData\Roaming\npm\node_modules\yarn\lib\cli.js:141559:12)
      at Object.onceWrapper (events.js:417:28)
      at IncomingMessage.emit (events.js:323:22)
      at endReadableNT (_stream_readable.js:1204:12)
      at processTicksAndRejections (internal/process/task_queues.js:84:21)

npm manifest: 
  {
    "name": "test",
    "version": "1.0.0",
    "description": "chuhx",
    "main": "index.js",
    "scripts": {
      "test": "echo \"Error: no test specified\" && exit 1"
    },
    "author": "chuhx",
    "license": "ISC",
    "dependencies": {
      "folktale": "^2.3.2",
      "lodash": "^4.17.21"
    }
  }

yarn manifest: 
  No manifest

Lockfile: 
  # THIS IS AN AUTOGENERATED FILE. DO NOT EDIT THIS FILE DIRECTLY.
  # yarn lockfile v1
  
  
  folktale@^2.3.2:
    version "2.3.2"
    resolved "https://registry.nlark.com/folktale/download/folktale-2.3.2.tgz#38231b039e5ef36989920cbf805bf6b227bf4fd4"
    integrity sha1-OCMbA55e82mJkgy/gFv2sie/T9Q=
  
  lodash@^4.17.21:
    version "4.17.21"
    resolved "https://registry.npm.taobao.org/lodash/download/lodash-4.17.21.tgz#679591c564c3bffaae8454cf0b3df370c3d6911c"
    integrity sha1-Z5WRxWTDv/quhFTPCz3zcMPWkRw=
